TN:
SF:C:\Users\gbiaux\Desktop\Oniri\novent-engine\src\exceptions\InvalidInputException.js
FN:1,InvalidInputException
FNF:1
FNH:1
FNDA:12,InvalidInputException
DA:1,1
DA:2,12
DA:3,12
DA:4,12
LF:4
LH:4
BRF:0
BRH:0
end_of_record
TN:
SF:C:\Users\gbiaux\Desktop\Oniri\novent-engine\src\exceptions\MissingLibraryException.js
FN:1,MissingLibraryException
FNF:1
FNH:0
FNDA:0,MissingLibraryException
DA:1,1
DA:2,0
DA:3,0
LF:3
LH:1
BRF:0
BRH:0
end_of_record
TN:
SF:C:\Users\gbiaux\Desktop\Oniri\novent-engine\src\exceptions\UnknownNoventException.js
FN:1,UnknownNoventExeption
FNF:1
FNH:1
FNDA:1,UnknownNoventExeption
DA:1,1
DA:2,1
DA:3,1
DA:4,1
LF:4
LH:4
BRF:0
BRH:0
end_of_record
TN:
SF:C:\Users\gbiaux\Desktop\Oniri\novent-engine\src\NoventEngine.js
FNF:0
FNH:0
DA:1,1
DA:2,0
DA:4,1
LF:3
LH:2
BRDA:1,1,0,0
BRDA:1,1,1,1
BRDA:4,2,0,1
BRDA:4,2,1,1
BRF:4
BRH:3
end_of_record
TN:
SF:C:\Users\gbiaux\Desktop\Oniri\novent-engine\src\modules\event.js
FN:1,(anonymous_1)
FN:6,event
FN:19,(anonymous_3)
FN:27,play
FN:30,(anonymous_5)
FNF:5
FNH:2
FNDA:1,(anonymous_1)
FNDA:1,event
FNDA:0,(anonymous_3)
FNDA:0,play
FNDA:0,(anonymous_5)
DA:1,1
DA:4,1
DA:6,1
DA:7,1
DA:8,1
DA:10,0
DA:11,0
DA:14,0
DA:15,0
DA:19,1
DA:20,0
DA:22,0
DA:23,0
DA:25,0
DA:27,1
DA:28,0
DA:29,0
DA:31,0
DA:32,0
DA:33,0
DA:34,0
DA:35,0
DA:40,0
LF:23
LH:7
BRDA:7,1,0,1
BRDA:7,1,1,0
BRDA:10,2,0,0
BRDA:10,2,1,0
BRDA:33,3,0,0
BRDA:33,3,1,0
BRF:6
BRH:1
end_of_record
TN:
SF:C:\Users\gbiaux\Desktop\Oniri\novent-engine\src\modules\novent.js
FN:1,(anonymous_1)
FN:6,novent
FN:26,(anonymous_3)
FN:46,validateNoventName
FN:53,validateCanvasId
FN:65,validateNumericValue
FN:77,page
FN:81,play
FN:93,initialize
FN:100,(anonymous_10)
FN:110,resize
FNF:11
FNH:9
FNDA:1,(anonymous_1)
FNDA:19,novent
FNDA:12,(anonymous_3)
FNDA:12,validateNoventName
FNDA:10,validateCanvasId
FNDA:14,validateNumericValue
FNDA:3,page
FNDA:0,play
FNDA:3,initialize
FNDA:0,(anonymous_10)
FNDA:3,resize
DA:1,1
DA:4,1
DA:6,1
DA:8,19
DA:9,7
DA:10,1
DA:12,6
DA:15,12
DA:17,3
DA:18,1
DA:20,3
DA:22,3
DA:26,1
DA:27,12
DA:29,12
DA:30,10
DA:31,9
DA:32,5
DA:34,3
DA:35,3
DA:36,3
DA:38,3
DA:40,3
DA:42,3
DA:44,3
DA:46,1
DA:47,12
DA:48,2
DA:50,10
DA:53,1
DA:54,10
DA:55,0
DA:57,10
DA:59,10
DA:60,1
DA:62,9
DA:65,1
DA:66,14
DA:67,2
DA:69,12
DA:71,12
DA:72,4
DA:74,8
DA:77,1
DA:78,3
DA:81,1
DA:82,0
DA:83,0
DA:85,0
DA:86,0
DA:88,0
DA:89,0
DA:93,1
DA:94,3
DA:95,3
DA:97,3
DA:98,0
DA:100,3
DA:101,0
DA:103,3
DA:106,3
DA:107,3
DA:110,1
DA:111,3
DA:112,3
DA:113,3
DA:114,3
DA:115,3
DA:116,3
DA:118,3
DA:119,3
DA:121,3
DA:122,3
DA:124,3
DA:125,0
DA:127,3
DA:130,3
DA:131,3
DA:134,1
LF:79
LH:69
BRDA:8,1,0,7
BRDA:8,1,1,12
BRDA:8,2,0,19
BRDA:8,2,1,17
BRDA:8,2,2,7
BRDA:8,2,3,7
BRDA:9,3,0,1
BRDA:9,3,1,6
BRDA:9,4,0,7
BRDA:9,4,1,7
BRDA:17,5,0,1
BRDA:17,5,1,2
BRDA:47,6,0,2
BRDA:47,6,1,10
BRDA:47,7,0,12
BRDA:47,7,1,10
BRDA:54,8,0,0
BRDA:54,8,1,10
BRDA:54,9,0,10
BRDA:54,9,1,10
BRDA:59,10,0,1
BRDA:59,10,1,9
BRDA:66,11,0,2
BRDA:66,11,1,12
BRDA:66,12,0,14
BRDA:66,12,1,12
BRDA:71,13,0,4
BRDA:71,13,1,8
BRDA:71,14,0,12
BRDA:71,14,1,10
BRDA:82,15,0,0
BRDA:82,15,1,0
BRDA:82,16,0,0
BRDA:82,16,1,0
BRDA:85,17,0,0
BRDA:85,17,1,0
BRDA:85,18,0,0
BRDA:85,18,1,0
BRDA:88,19,0,0
BRDA:88,19,1,0
BRDA:88,20,0,0
BRDA:88,20,1,0
BRDA:97,21,0,0
BRDA:97,21,1,3
BRDA:124,22,0,0
BRDA:124,22,1,3
BRF:46
BRH:31
end_of_record
TN:
SF:C:\Users\gbiaux\Desktop\Oniri\novent-engine\src\modules\page.js
FN:1,(anonymous_1)
FN:6,page
FN:19,(anonymous_3)
FN:37,validateNumericValue
FN:49,event
FN:53,play
FN:63,inititalize
FN:67,(anonymous_8)
FNF:8
FNH:4
FNDA:1,(anonymous_1)
FNDA:4,page
FNDA:3,(anonymous_3)
FNDA:3,validateNumericValue
FNDA:0,event
FNDA:0,play
FNDA:0,inititalize
FNDA:0,(anonymous_8)
DA:1,1
DA:4,1
DA:6,1
DA:7,4
DA:8,1
DA:10,3
DA:11,0
DA:14,3
DA:15,2
DA:19,1
DA:20,3
DA:21,3
DA:22,0
DA:24,3
DA:25,2
DA:27,2
DA:28,2
DA:29,2
DA:31,2
DA:33,2
DA:35,2
DA:37,1
DA:38,3
DA:39,1
DA:41,2
DA:43,2
DA:44,0
DA:46,2
DA:49,1
DA:50,0
DA:53,1
DA:54,0
DA:55,0
DA:56,0
DA:58,0
DA:59,0
DA:63,1
DA:64,0
DA:65,0
DA:67,0
DA:68,0
DA:69,0
DA:70,0
DA:72,0
DA:73,0
DA:74,0
DA:75,0
DA:78,2
LF:48
LH:29
BRDA:7,1,0,1
BRDA:7,1,1,3
BRDA:10,2,0,0
BRDA:10,2,1,3
BRDA:21,3,0,0
BRDA:21,3,1,3
BRDA:38,4,0,1
BRDA:38,4,1,2
BRDA:38,5,0,3
BRDA:38,5,1,2
BRDA:43,6,0,0
BRDA:43,6,1,2
BRDA:43,7,0,2
BRDA:43,7,1,2
BRDA:54,8,0,0
BRDA:54,8,1,0
BRDA:58,9,0,0
BRDA:58,9,1,0
BRDA:64,10,0,0
BRDA:64,10,1,0
BRDA:68,11,0,0
BRDA:68,11,1,0
BRDA:69,12,0,0
BRDA:69,12,1,0
BRDA:74,13,0,0
BRDA:74,13,1,0
BRF:26
BRH:11
end_of_record
